<?xml version="1.0" encoding="UTF-8"?>
<testsuite xmlns:xsi="http://www.w3.org/2001/XMLSchema-instance" xsi:noNamespaceSchemaLocation="https://maven.apache.org/surefire/maven-surefire-plugin/xsd/surefire-test-report.xsd" name="com.shibo.ConfigServerApplicationTests" time="7.825" tests="1" errors="0" skipped="0" failures="0">
  <properties>
    <property name="sun.desktop" value="windows"/>
    <property name="awt.toolkit" value="sun.awt.windows.WToolkit"/>
    <property name="file.encoding.pkg" value="sun.io"/>
    <property name="java.specification.version" value="1.8"/>
    <property name="sun.cpu.isalist" value="amd64"/>
    <property name="sun.jnu.encoding" value="GBK"/>
    <property name="java.class.path" value="D:\idea_workspace\private\my_project\blog-environment\config-server\target\test-classes;D:\idea_workspace\private\my_project\blog-environment\config-server\target\classes;D:\repository\local\org\springframework\boot\spring-boot-starter-test\2.0.1.RELEASE\spring-boot-starter-test-2.0.1.RELEASE.jar;D:\repository\local\org\springframework\boot\spring-boot-starter\2.0.1.RELEASE\spring-boot-starter-2.0.1.RELEASE.jar;D:\repository\local\org\springframework\boot\spring-boot\2.0.1.RELEASE\spring-boot-2.0.1.RELEASE.jar;D:\repository\local\org\springframework\spring-context\5.0.5.RELEASE\spring-context-5.0.5.RELEASE.jar;D:\repository\local\org\springframework\spring-aop\5.0.5.RELEASE\spring-aop-5.0.5.RELEASE.jar;D:\repository\local\org\springframework\spring-expression\5.0.5.RELEASE\spring-expression-5.0.5.RELEASE.jar;D:\repository\local\org\springframework\boot\spring-boot-autoconfigure\2.0.1.RELEASE\spring-boot-autoconfigure-2.0.1.RELEASE.jar;D:\repository\local\org\springframework\boot\spring-boot-starter-logging\2.0.1.RELEASE\spring-boot-starter-logging-2.0.1.RELEASE.jar;D:\repository\local\ch\qos\logback\logback-classic\1.2.3\logback-classic-1.2.3.jar;D:\repository\local\ch\qos\logback\logback-core\1.2.3\logback-core-1.2.3.jar;D:\repository\local\org\apache\logging\log4j\log4j-to-slf4j\2.10.0\log4j-to-slf4j-2.10.0.jar;D:\repository\local\org\apache\logging\log4j\log4j-api\2.10.0\log4j-api-2.10.0.jar;D:\repository\local\org\slf4j\jul-to-slf4j\1.7.25\jul-to-slf4j-1.7.25.jar;D:\repository\local\javax\annotation\javax.annotation-api\1.3.2\javax.annotation-api-1.3.2.jar;D:\repository\local\org\yaml\snakeyaml\1.19\snakeyaml-1.19.jar;D:\repository\local\org\springframework\boot\spring-boot-test\2.0.1.RELEASE\spring-boot-test-2.0.1.RELEASE.jar;D:\repository\local\org\springframework\boot\spring-boot-test-autoconfigure\2.0.1.RELEASE\spring-boot-test-autoconfigure-2.0.1.RELEASE.jar;D:\repository\local\com\jayway\jsonpath\json-path\2.4.0\json-path-2.4.0.jar;D:\repository\local\net\minidev\json-smart\2.3\json-smart-2.3.jar;D:\repository\local\net\minidev\accessors-smart\1.2\accessors-smart-1.2.jar;D:\repository\local\org\ow2\asm\asm\5.0.4\asm-5.0.4.jar;D:\repository\local\org\slf4j\slf4j-api\1.7.25\slf4j-api-1.7.25.jar;D:\repository\local\junit\junit\4.12\junit-4.12.jar;D:\repository\local\org\assertj\assertj-core\3.9.1\assertj-core-3.9.1.jar;D:\repository\local\org\mockito\mockito-core\2.15.0\mockito-core-2.15.0.jar;D:\repository\local\net\bytebuddy\byte-buddy\1.7.11\byte-buddy-1.7.11.jar;D:\repository\local\net\bytebuddy\byte-buddy-agent\1.7.11\byte-buddy-agent-1.7.11.jar;D:\repository\local\org\objenesis\objenesis\2.6\objenesis-2.6.jar;D:\repository\local\org\hamcrest\hamcrest-core\1.3\hamcrest-core-1.3.jar;D:\repository\local\org\hamcrest\hamcrest-library\1.3\hamcrest-library-1.3.jar;D:\repository\local\org\skyscreamer\jsonassert\1.5.0\jsonassert-1.5.0.jar;D:\repository\local\com\vaadin\external\google\android-json\0.0.20131108.vaadin1\android-json-0.0.20131108.vaadin1.jar;D:\repository\local\org\springframework\spring-core\5.0.5.RELEASE\spring-core-5.0.5.RELEASE.jar;D:\repository\local\org\springframework\spring-jcl\5.0.5.RELEASE\spring-jcl-5.0.5.RELEASE.jar;D:\repository\local\org\springframework\spring-test\5.0.5.RELEASE\spring-test-5.0.5.RELEASE.jar;D:\repository\local\org\xmlunit\xmlunit-core\2.5.1\xmlunit-core-2.5.1.jar;D:\repository\local\org\springframework\cloud\spring-cloud-starter-config\2.0.2.RELEASE\spring-cloud-starter-config-2.0.2.RELEASE.jar;D:\repository\local\org\springframework\cloud\spring-cloud-starter\2.0.2.RELEASE\spring-cloud-starter-2.0.2.RELEASE.jar;D:\repository\local\org\springframework\cloud\spring-cloud-context\2.0.2.RELEASE\spring-cloud-context-2.0.2.RELEASE.jar;D:\repository\local\org\springframework\security\spring-security-crypto\5.0.4.RELEASE\spring-security-crypto-5.0.4.RELEASE.jar;D:\repository\local\org\springframework\cloud\spring-cloud-commons\2.0.2.RELEASE\spring-cloud-commons-2.0.2.RELEASE.jar;D:\repository\local\org\springframework\security\spring-security-rsa\1.0.7.RELEASE\spring-security-rsa-1.0.7.RELEASE.jar;D:\repository\local\org\bouncycastle\bcpkix-jdk15on\1.60\bcpkix-jdk15on-1.60.jar;D:\repository\local\org\bouncycastle\bcprov-jdk15on\1.60\bcprov-jdk15on-1.60.jar;D:\repository\local\org\springframework\cloud\spring-cloud-config-client\2.0.2.RELEASE\spring-cloud-config-client-2.0.2.RELEASE.jar;D:\repository\local\org\springframework\spring-web\5.0.5.RELEASE\spring-web-5.0.5.RELEASE.jar;D:\repository\local\org\springframework\spring-beans\5.0.5.RELEASE\spring-beans-5.0.5.RELEASE.jar;D:\repository\local\com\fasterxml\jackson\core\jackson-annotations\2.9.0\jackson-annotations-2.9.0.jar;D:\repository\local\com\fasterxml\jackson\core\jackson-databind\2.9.5\jackson-databind-2.9.5.jar;D:\repository\local\com\fasterxml\jackson\core\jackson-core\2.9.5\jackson-core-2.9.5.jar;"/>
    <property name="java.vm.vendor" value="Oracle Corporation"/>
    <property name="sun.arch.data.model" value="64"/>
    <property name="user.variant" value=""/>
    <property name="java.vendor.url" value="http://java.oracle.com/"/>
    <property name="user.timezone" value=""/>
    <property name="java.vm.specification.version" value="1.8"/>
    <property name="os.name" value="Windows 10"/>
    <property name="user.country" value="CN"/>
    <property name="sun.java.launcher" value="SUN_STANDARD"/>
    <property name="sun.boot.library.path" value="D:\Program Files (x86)\Java8\jdk1.8.0_131\jre\bin"/>
    <property name="sun.java.command" value="C:\Users\shibo\AppData\Local\Temp\surefire5914164408672783795\surefirebooter2337776828677167795.jar C:\Users\shibo\AppData\Local\Temp\surefire5914164408672783795 2018-11-01T18-43-17_728-jvmRun1 surefire8592540717333580021tmp surefire_06911480270372568260tmp"/>
    <property name="surefire.test.class.path" value="D:\idea_workspace\private\my_project\blog-environment\config-server\target\test-classes;D:\idea_workspace\private\my_project\blog-environment\config-server\target\classes;D:\repository\local\org\springframework\boot\spring-boot-starter-test\2.0.1.RELEASE\spring-boot-starter-test-2.0.1.RELEASE.jar;D:\repository\local\org\springframework\boot\spring-boot-starter\2.0.1.RELEASE\spring-boot-starter-2.0.1.RELEASE.jar;D:\repository\local\org\springframework\boot\spring-boot\2.0.1.RELEASE\spring-boot-2.0.1.RELEASE.jar;D:\repository\local\org\springframework\spring-context\5.0.5.RELEASE\spring-context-5.0.5.RELEASE.jar;D:\repository\local\org\springframework\spring-aop\5.0.5.RELEASE\spring-aop-5.0.5.RELEASE.jar;D:\repository\local\org\springframework\spring-expression\5.0.5.RELEASE\spring-expression-5.0.5.RELEASE.jar;D:\repository\local\org\springframework\boot\spring-boot-autoconfigure\2.0.1.RELEASE\spring-boot-autoconfigure-2.0.1.RELEASE.jar;D:\repository\local\org\springframework\boot\spring-boot-starter-logging\2.0.1.RELEASE\spring-boot-starter-logging-2.0.1.RELEASE.jar;D:\repository\local\ch\qos\logback\logback-classic\1.2.3\logback-classic-1.2.3.jar;D:\repository\local\ch\qos\logback\logback-core\1.2.3\logback-core-1.2.3.jar;D:\repository\local\org\apache\logging\log4j\log4j-to-slf4j\2.10.0\log4j-to-slf4j-2.10.0.jar;D:\repository\local\org\apache\logging\log4j\log4j-api\2.10.0\log4j-api-2.10.0.jar;D:\repository\local\org\slf4j\jul-to-slf4j\1.7.25\jul-to-slf4j-1.7.25.jar;D:\repository\local\javax\annotation\javax.annotation-api\1.3.2\javax.annotation-api-1.3.2.jar;D:\repository\local\org\yaml\snakeyaml\1.19\snakeyaml-1.19.jar;D:\repository\local\org\springframework\boot\spring-boot-test\2.0.1.RELEASE\spring-boot-test-2.0.1.RELEASE.jar;D:\repository\local\org\springframework\boot\spring-boot-test-autoconfigure\2.0.1.RELEASE\spring-boot-test-autoconfigure-2.0.1.RELEASE.jar;D:\repository\local\com\jayway\jsonpath\json-path\2.4.0\json-path-2.4.0.jar;D:\repository\local\net\minidev\json-smart\2.3\json-smart-2.3.jar;D:\repository\local\net\minidev\accessors-smart\1.2\accessors-smart-1.2.jar;D:\repository\local\org\ow2\asm\asm\5.0.4\asm-5.0.4.jar;D:\repository\local\org\slf4j\slf4j-api\1.7.25\slf4j-api-1.7.25.jar;D:\repository\local\junit\junit\4.12\junit-4.12.jar;D:\repository\local\org\assertj\assertj-core\3.9.1\assertj-core-3.9.1.jar;D:\repository\local\org\mockito\mockito-core\2.15.0\mockito-core-2.15.0.jar;D:\repository\local\net\bytebuddy\byte-buddy\1.7.11\byte-buddy-1.7.11.jar;D:\repository\local\net\bytebuddy\byte-buddy-agent\1.7.11\byte-buddy-agent-1.7.11.jar;D:\repository\local\org\objenesis\objenesis\2.6\objenesis-2.6.jar;D:\repository\local\org\hamcrest\hamcrest-core\1.3\hamcrest-core-1.3.jar;D:\repository\local\org\hamcrest\hamcrest-library\1.3\hamcrest-library-1.3.jar;D:\repository\local\org\skyscreamer\jsonassert\1.5.0\jsonassert-1.5.0.jar;D:\repository\local\com\vaadin\external\google\android-json\0.0.20131108.vaadin1\android-json-0.0.20131108.vaadin1.jar;D:\repository\local\org\springframework\spring-core\5.0.5.RELEASE\spring-core-5.0.5.RELEASE.jar;D:\repository\local\org\springframework\spring-jcl\5.0.5.RELEASE\spring-jcl-5.0.5.RELEASE.jar;D:\repository\local\org\springframework\spring-test\5.0.5.RELEASE\spring-test-5.0.5.RELEASE.jar;D:\repository\local\org\xmlunit\xmlunit-core\2.5.1\xmlunit-core-2.5.1.jar;D:\repository\local\org\springframework\cloud\spring-cloud-starter-config\2.0.2.RELEASE\spring-cloud-starter-config-2.0.2.RELEASE.jar;D:\repository\local\org\springframework\cloud\spring-cloud-starter\2.0.2.RELEASE\spring-cloud-starter-2.0.2.RELEASE.jar;D:\repository\local\org\springframework\cloud\spring-cloud-context\2.0.2.RELEASE\spring-cloud-context-2.0.2.RELEASE.jar;D:\repository\local\org\springframework\security\spring-security-crypto\5.0.4.RELEASE\spring-security-crypto-5.0.4.RELEASE.jar;D:\repository\local\org\springframework\cloud\spring-cloud-commons\2.0.2.RELEASE\spring-cloud-commons-2.0.2.RELEASE.jar;D:\repository\local\org\springframework\security\spring-security-rsa\1.0.7.RELEASE\spring-security-rsa-1.0.7.RELEASE.jar;D:\repository\local\org\bouncycastle\bcpkix-jdk15on\1.60\bcpkix-jdk15on-1.60.jar;D:\repository\local\org\bouncycastle\bcprov-jdk15on\1.60\bcprov-jdk15on-1.60.jar;D:\repository\local\org\springframework\cloud\spring-cloud-config-client\2.0.2.RELEASE\spring-cloud-config-client-2.0.2.RELEASE.jar;D:\repository\local\org\springframework\spring-web\5.0.5.RELEASE\spring-web-5.0.5.RELEASE.jar;D:\repository\local\org\springframework\spring-beans\5.0.5.RELEASE\spring-beans-5.0.5.RELEASE.jar;D:\repository\local\com\fasterxml\jackson\core\jackson-annotations\2.9.0\jackson-annotations-2.9.0.jar;D:\repository\local\com\fasterxml\jackson\core\jackson-databind\2.9.5\jackson-databind-2.9.5.jar;D:\repository\local\com\fasterxml\jackson\core\jackson-core\2.9.5\jackson-core-2.9.5.jar;"/>
    <property name="sun.cpu.endian" value="little"/>
    <property name="user.home" value="C:\Users\shibo"/>
    <property name="user.language" value="zh"/>
    <property name="java.specification.vendor" value="Oracle Corporation"/>
    <property name="java.home" value="D:\Program Files (x86)\Java8\jdk1.8.0_131\jre"/>
    <property name="basedir" value="D:\idea_workspace\private\my_project\blog-environment\config-server"/>
    <property name="file.separator" value="\"/>
    <property name="line.separator" value="&#10;"/>
    <property name="java.vm.specification.vendor" value="Oracle Corporation"/>
    <property name="java.specification.name" value="Java Platform API Specification"/>
    <property name="java.awt.graphicsenv" value="sun.awt.Win32GraphicsEnvironment"/>
    <property name="surefire.real.class.path" value="C:\Users\shibo\AppData\Local\Temp\surefire5914164408672783795\surefirebooter2337776828677167795.jar"/>
    <property name="sun.boot.class.path" value="D:\Program Files (x86)\Java8\jdk1.8.0_131\jre\lib\resources.jar;D:\Program Files (x86)\Java8\jdk1.8.0_131\jre\lib\rt.jar;D:\Program Files (x86)\Java8\jdk1.8.0_131\jre\lib\sunrsasign.jar;D:\Program Files (x86)\Java8\jdk1.8.0_131\jre\lib\jsse.jar;D:\Program Files (x86)\Java8\jdk1.8.0_131\jre\lib\jce.jar;D:\Program Files (x86)\Java8\jdk1.8.0_131\jre\lib\charsets.jar;D:\Program Files (x86)\Java8\jdk1.8.0_131\jre\lib\jfr.jar;D:\Program Files (x86)\Java8\jdk1.8.0_131\jre\classes"/>
    <property name="user.script" value=""/>
    <property name="sun.management.compiler" value="HotSpot 64-Bit Tiered Compilers"/>
    <property name="java.runtime.version" value="1.8.0_131-b11"/>
    <property name="user.name" value="shibo"/>
    <property name="path.separator" value=";"/>
    <property name="os.version" value="10.0"/>
    <property name="java.endorsed.dirs" value="D:\Program Files (x86)\Java8\jdk1.8.0_131\jre\lib\endorsed"/>
    <property name="java.runtime.name" value="Java(TM) SE Runtime Environment"/>
    <property name="file.encoding" value="GBK"/>
    <property name="java.vm.name" value="Java HotSpot(TM) 64-Bit Server VM"/>
    <property name="localRepository" value="D:\repository\local"/>
    <property name="java.vendor.url.bug" value="http://bugreport.sun.com/bugreport/"/>
    <property name="java.io.tmpdir" value="C:\Users\shibo\AppData\Local\Temp\"/>
    <property name="idea.version" value="2018.2.3"/>
    <property name="java.version" value="1.8.0_131"/>
    <property name="user.dir" value="D:\idea_workspace\private\my_project\blog-environment\config-server"/>
    <property name="os.arch" value="amd64"/>
    <property name="java.vm.specification.name" value="Java Virtual Machine Specification"/>
    <property name="java.awt.printerjob" value="sun.awt.windows.WPrinterJob"/>
    <property name="sun.os.patch.level" value=""/>
    <property name="java.library.path" value="D:\Program Files (x86)\Java8\jdk1.8.0_131\jre\bin;C:\WINDOWS\Sun\Java\bin;C:\WINDOWS\system32;C:\WINDOWS;D:\Program Files (x86)\Anaconda3;D:\Program Files (x86)\Anaconda3\Library\mingw-w64\bin;D:\Program Files (x86)\Anaconda3\Library\usr\bin;D:\Program Files (x86)\Anaconda3\Library\bin;D:\Program Files (x86)\Anaconda3\Scripts;C:\ProgramData\Oracle\Java\javapath;C:\Windows\system32;C:\Windows;C:\Windows\System32\Wbem;C:\Windows\System32\WindowsPowerShell\v1.0\;C:\Program Files (x86)\NVIDIA Corporation\PhysX\Common;C:\Program Files\Intel\WiFi\bin\;C:\Program Files\Common Files\Intel\WirelessCommon\;D:\Program Files (x86)\TortoiseSVN\bin;D:\Program Files (x86)\Java8\jdk1.8.0_131\bin;D:\Program Files (x86)\Tencent\WeChat\;D:\Program Files (x86)\Tencent\TIM\Bin\;D:\Program Files (x86)\Youdao\YoudaoNote\;D:\Program Files (x86)\Netease\CloudMusic\;C:\Program Files (x86)\Google\Chrome\Application\;D:\Program Files (x86)\mysql-5.7.20\bin;D:\Program Files (x86)\nodejs\;D:\Program Files (x86)\Python36\;D:\Program Files (x86)\Python36\Scripts\;C:\WINDOWS\system32;C:\WINDOWS;C:\WINDOWS\System32\Wbem;C:\WINDOWS\System32\WindowsPowerShell\v1.0\;D:\Program Files (x86)\Git\Git\cmd;D:\Program Files (x86)\apache-maven-3.5.3\bin;C:\WINDOWS\System32\OpenSSH\;D:\Program Files (x86)\curl-7.60.0-win64-mingw\bin;D:\Program Files (x86)\Go\bin;D:\Program Files (x86)\Git\bin;D:\Program Files (x86)\OpenSSH\bin;D:\Program Files (x86)\Cmder\;D:\Program Files (x86)\gradle-4.10.1\bin;D:\Program Files (x86)\Redis-3.0.5\;D:\Program Files (x86)\gVim\;D:\Program Files (x86)\custom\;C:\Users\shibo\AppData\Local\Microsoft\WindowsApps;C:\Users\shibo\AppData\Local\GitHubDesktop\bin;C:\Users\shibo\AppData\Roaming\npm;C:\Program Files\Intel\WiFi\bin\;C:\Program Files\Common Files\Intel\WirelessCommon\;%USERPROFILE%\AppData\Local\Microsoft\WindowsApps;;."/>
    <property name="java.vm.info" value="mixed mode"/>
    <property name="java.vendor" value="Oracle Corporation"/>
    <property name="java.vm.version" value="25.131-b11"/>
    <property name="java.ext.dirs" value="D:\Program Files (x86)\Java8\jdk1.8.0_131\jre\lib\ext;C:\WINDOWS\Sun\Java\lib\ext"/>
    <property name="sun.io.unicode.encoding" value="UnicodeLittle"/>
    <property name="maven.repo.local" value="D:\repository\local"/>
    <property name="java.class.version" value="52.0"/>
  </properties>
  <testcase name="contextLoads" classname="com.shibo.ConfigServerApplicationTests" time="0.153"/>
</testsuite>